build/intermediates/manifest_merge_blame_file/debug/manifest-merger-blame-debug-report.txt
1<?xml version="1.0" encoding="utf-8"?>
2<manifest xmlns:android="http://schemas.android.com/apk/res/android"
3    package="io.timely.sdk" >
4
5    <uses-sdk android:minSdkVersion="24" />
6
7    <application>
7-->src/main/AndroidManifest.xml:5:5-13:19
8        <service
8-->src/main/AndroidManifest.xml:6:9-12:19
9            android:name="io.timely.sdk.TimelyMessagingService"
9-->src/main/AndroidManifest.xml:7:13-51
10            android:exported="false" >
10-->src/main/AndroidManifest.xml:8:13-37
11            <intent-filter>
11-->src/main/AndroidManifest.xml:9:13-11:29
12                <action android:name="com.google.firebase.MESSAGING_EVENT" />
12-->src/main/AndroidManifest.xml:10:17-78
12-->src/main/AndroidManifest.xml:10:25-75
13            </intent-filter>
14        </service>
15    </application>
16
17</manifest>